24-09-14.23:45:43.848 [main            ] INFO  Application            - Starting Application using Java 17.0.5 on LAPTOP-EN7AFHC7 with PID 28640 (E:\java_works\dynamic-thread-pool\dynamic-thread-pool-test\target\classes started by HarryKL in E:\java_works\dynamic-thread-pool)
24-09-14.23:45:43.850 [main            ] INFO  Application            - The following 1 profile is active: "dev"
24-09-14.23:45:44.708 [main            ] INFO  TomcatWebServer        - Tomcat initialized with port(s): 8093 (http)
24-09-14.23:45:44.709 [main            ] INFO  AprLifecycleListener   - Loaded Apache Tomcat Native library [1.2.39] using APR version [1.7.4].
24-09-14.23:45:44.709 [main            ] INFO  AprLifecycleListener   - APR capabilities: IPv6 [true], sendfile [true], accept filters [false], random [true], UDS [true].
24-09-14.23:45:44.709 [main            ] INFO  AprLifecycleListener   - APR/OpenSSL configuration: useAprConnector [false], useOpenSSL [true]
24-09-14.23:45:44.727 [main            ] INFO  AprLifecycleListener   - OpenSSL successfully initialized [OpenSSL 3.0.11 19 Sep 2023]
24-09-14.23:45:44.735 [main            ] INFO  Http11NioProtocol      - Initializing ProtocolHandler ["http-nio-8093"]
24-09-14.23:45:44.736 [main            ] INFO  StandardService        - Starting service [Tomcat]
24-09-14.23:45:44.736 [main            ] INFO  StandardEngine         - Starting Servlet engine: [Apache Tomcat/9.0.75]
24-09-14.23:45:44.828 [main            ] INFO  [/]                    - Initializing Spring embedded WebApplicationContext
24-09-14.23:45:44.828 [main            ] INFO  ServletWebServerApplicationContext - Root WebApplicationContext: initialization completed in 930 ms
24-09-14.23:45:45.212 [main            ] INFO  Http11NioProtocol      - Starting ProtocolHandler ["http-nio-8093"]
24-09-14.23:45:45.242 [main            ] INFO  TomcatWebServer        - Tomcat started on port(s): 8093 (http) with context path ''
24-09-14.23:45:45.253 [main            ] INFO  Application            - Started Application in 1.958 seconds (JVM running for 2.412)
24-09-14.23:45:59.192 [main            ] INFO  Application            - Starting Application using Java 17.0.5 on LAPTOP-EN7AFHC7 with PID 25620 (E:\java_works\dynamic-thread-pool\dynamic-thread-pool-test\target\classes started by HarryKL in E:\java_works\dynamic-thread-pool)
24-09-14.23:45:59.195 [main            ] INFO  Application            - The following 1 profile is active: "dev"
24-09-14.23:46:00.099 [main            ] INFO  TomcatWebServer        - Tomcat initialized with port(s): 8093 (http)
24-09-14.23:46:00.100 [main            ] INFO  AprLifecycleListener   - Loaded Apache Tomcat Native library [1.2.39] using APR version [1.7.4].
24-09-14.23:46:00.100 [main            ] INFO  AprLifecycleListener   - APR capabilities: IPv6 [true], sendfile [true], accept filters [false], random [true], UDS [true].
24-09-14.23:46:00.100 [main            ] INFO  AprLifecycleListener   - APR/OpenSSL configuration: useAprConnector [false], useOpenSSL [true]
24-09-14.23:46:00.105 [main            ] INFO  AprLifecycleListener   - OpenSSL successfully initialized [OpenSSL 3.0.11 19 Sep 2023]
24-09-14.23:46:00.113 [main            ] INFO  Http11NioProtocol      - Initializing ProtocolHandler ["http-nio-8093"]
24-09-14.23:46:00.113 [main            ] INFO  StandardService        - Starting service [Tomcat]
24-09-14.23:46:00.113 [main            ] INFO  StandardEngine         - Starting Servlet engine: [Apache Tomcat/9.0.75]
24-09-14.23:46:00.220 [main            ] INFO  [/]                    - Initializing Spring embedded WebApplicationContext
24-09-14.23:46:00.220 [main            ] INFO  ServletWebServerApplicationContext - Root WebApplicationContext: initialization completed in 981 ms
24-09-14.23:46:00.641 [main            ] INFO  Http11NioProtocol      - Starting ProtocolHandler ["http-nio-8093"]
24-09-14.23:46:00.677 [main            ] INFO  TomcatWebServer        - Tomcat started on port(s): 8093 (http) with context path ''
24-09-14.23:46:00.688 [main            ] INFO  Application            - Started Application in 1.984 seconds (JVM running for 2.855)
24-09-14.23:46:45.290 [main            ] INFO  Application            - Starting Application using Java 17.0.5 on LAPTOP-EN7AFHC7 with PID 13124 (E:\java_works\dynamic-thread-pool\dynamic-thread-pool-test\target\classes started by HarryKL in E:\java_works\dynamic-thread-pool)
24-09-14.23:46:45.293 [main            ] INFO  Application            - The following 1 profile is active: "dev"
24-09-14.23:46:45.965 [main            ] INFO  TomcatWebServer        - Tomcat initialized with port(s): 8093 (http)
24-09-14.23:46:45.966 [main            ] INFO  AprLifecycleListener   - Loaded Apache Tomcat Native library [1.2.39] using APR version [1.7.4].
24-09-14.23:46:45.966 [main            ] INFO  AprLifecycleListener   - APR capabilities: IPv6 [true], sendfile [true], accept filters [false], random [true], UDS [true].
24-09-14.23:46:45.966 [main            ] INFO  AprLifecycleListener   - APR/OpenSSL configuration: useAprConnector [false], useOpenSSL [true]
24-09-14.23:46:45.970 [main            ] INFO  AprLifecycleListener   - OpenSSL successfully initialized [OpenSSL 3.0.11 19 Sep 2023]
24-09-14.23:46:45.976 [main            ] INFO  Http11NioProtocol      - Initializing ProtocolHandler ["http-nio-8093"]
24-09-14.23:46:45.977 [main            ] INFO  StandardService        - Starting service [Tomcat]
24-09-14.23:46:45.977 [main            ] INFO  StandardEngine         - Starting Servlet engine: [Apache Tomcat/9.0.75]
24-09-14.23:46:46.063 [main            ] INFO  [/]                    - Initializing Spring embedded WebApplicationContext
24-09-14.23:46:46.063 [main            ] INFO  ServletWebServerApplicationContext - Root WebApplicationContext: initialization completed in 736 ms
24-09-14.23:46:46.324 [main            ] INFO  Http11NioProtocol      - Starting ProtocolHandler ["http-nio-8093"]
24-09-14.23:46:46.343 [main            ] INFO  TomcatWebServer        - Tomcat started on port(s): 8093 (http) with context path ''
24-09-14.23:46:46.351 [main            ] INFO  Application            - Started Application in 1.459 seconds (JVM running for 2.084)
