24-09-17.20:14:53.192 [main            ] INFO  Application            - Starting Application using Java 17.0.5 on LAPTOP-EN7AFHC7 with PID 22184 (E:\java_works\dynamic-thread-pool\dynamic-thread-pool-admin\target\classes started by HarryKL in E:\java_works\dynamic-thread-pool)
24-09-17.20:14:53.194 [main            ] INFO  Application            - The following 1 profile is active: "dev"
24-09-17.20:14:53.747 [main            ] INFO  RepositoryConfigurationDelegate - Multiple Spring Data modules found, entering strict repository configuration mode
24-09-17.20:14:53.749 [main            ] INFO  RepositoryConfigurationDelegate - Bootstrapping Spring Data Redis repositories in DEFAULT mode.
24-09-17.20:14:53.767 [main            ] INFO  RepositoryConfigurationDelegate - Finished Spring Data repository scanning in 5 ms. Found 0 Redis repository interfaces.
24-09-17.20:14:54.087 [main            ] INFO  TomcatWebServer        - Tomcat initialized with port(s): 8089 (http)
24-09-17.20:14:54.088 [main            ] INFO  AprLifecycleListener   - Loaded Apache Tomcat Native library [1.2.39] using APR version [1.7.4].
24-09-17.20:14:54.088 [main            ] INFO  AprLifecycleListener   - APR capabilities: IPv6 [true], sendfile [true], accept filters [false], random [true], UDS [true].
24-09-17.20:14:54.088 [main            ] INFO  AprLifecycleListener   - APR/OpenSSL configuration: useAprConnector [false], useOpenSSL [true]
24-09-17.20:14:54.092 [main            ] INFO  AprLifecycleListener   - OpenSSL successfully initialized [OpenSSL 3.0.11 19 Sep 2023]
24-09-17.20:14:54.098 [main            ] INFO  Http11NioProtocol      - Initializing ProtocolHandler ["http-nio-8089"]
24-09-17.20:14:54.099 [main            ] INFO  StandardService        - Starting service [Tomcat]
24-09-17.20:14:54.099 [main            ] INFO  StandardEngine         - Starting Servlet engine: [Apache Tomcat/9.0.75]
24-09-17.20:14:54.200 [main            ] INFO  [/]                    - Initializing Spring embedded WebApplicationContext
24-09-17.20:14:54.200 [main            ] INFO  ServletWebServerApplicationContext - Root WebApplicationContext: initialization completed in 971 ms
24-09-17.20:14:54.501 [main            ] INFO  Version                - Redisson 3.26.0
24-09-17.20:14:54.805 [redisson-netty-1-5] INFO  ConnectionsHolder      - 1 connections initialized for localhost/127.0.0.1:6379
24-09-17.20:14:54.818 [redisson-netty-1-14] INFO  ConnectionsHolder      - 5 connections initialized for localhost/127.0.0.1:6379
24-09-17.20:14:55.386 [main            ] INFO  EndpointLinksResolver  - Exposing 1 endpoint(s) beneath base path '/actuator'
24-09-17.20:14:55.404 [main            ] INFO  Http11NioProtocol      - Starting ProtocolHandler ["http-nio-8089"]
24-09-17.20:14:55.414 [main            ] INFO  TomcatWebServer        - Tomcat started on port(s): 8089 (http) with context path ''
24-09-17.20:14:55.426 [main            ] INFO  Application            - Started Application in 2.633 seconds (JVM running for 3.218)
24-09-17.20:14:55.561 [RMI TCP Connection(3)-172.29.8.194] INFO  [/]                    - Initializing Spring DispatcherServlet 'dispatcherServlet'
24-09-17.20:14:55.561 [RMI TCP Connection(3)-172.29.8.194] INFO  DispatcherServlet      - Initializing Servlet 'dispatcherServlet'
24-09-17.20:14:55.563 [RMI TCP Connection(3)-172.29.8.194] INFO  DispatcherServlet      - Completed initialization in 2 ms
24-09-17.20:19:14.837 [main            ] INFO  Application            - Starting Application using Java 17.0.5 on LAPTOP-EN7AFHC7 with PID 15692 (E:\java_works\dynamic-thread-pool\dynamic-thread-pool-admin\target\classes started by HarryKL in E:\java_works\dynamic-thread-pool)
24-09-17.20:19:14.839 [main            ] INFO  Application            - The following 1 profile is active: "dev"
24-09-17.20:19:15.368 [main            ] INFO  RepositoryConfigurationDelegate - Multiple Spring Data modules found, entering strict repository configuration mode
24-09-17.20:19:15.370 [main            ] INFO  RepositoryConfigurationDelegate - Bootstrapping Spring Data Redis repositories in DEFAULT mode.
24-09-17.20:19:15.387 [main            ] INFO  RepositoryConfigurationDelegate - Finished Spring Data repository scanning in 6 ms. Found 0 Redis repository interfaces.
24-09-17.20:19:15.712 [main            ] INFO  TomcatWebServer        - Tomcat initialized with port(s): 8089 (http)
24-09-17.20:19:15.712 [main            ] INFO  AprLifecycleListener   - Loaded Apache Tomcat Native library [1.2.39] using APR version [1.7.4].
24-09-17.20:19:15.712 [main            ] INFO  AprLifecycleListener   - APR capabilities: IPv6 [true], sendfile [true], accept filters [false], random [true], UDS [true].
24-09-17.20:19:15.712 [main            ] INFO  AprLifecycleListener   - APR/OpenSSL configuration: useAprConnector [false], useOpenSSL [true]
24-09-17.20:19:15.717 [main            ] INFO  AprLifecycleListener   - OpenSSL successfully initialized [OpenSSL 3.0.11 19 Sep 2023]
24-09-17.20:19:15.723 [main            ] INFO  Http11NioProtocol      - Initializing ProtocolHandler ["http-nio-8089"]
24-09-17.20:19:15.723 [main            ] INFO  StandardService        - Starting service [Tomcat]
24-09-17.20:19:15.723 [main            ] INFO  StandardEngine         - Starting Servlet engine: [Apache Tomcat/9.0.75]
24-09-17.20:19:15.820 [main            ] INFO  [/]                    - Initializing Spring embedded WebApplicationContext
24-09-17.20:19:15.821 [main            ] INFO  ServletWebServerApplicationContext - Root WebApplicationContext: initialization completed in 950 ms
24-09-17.20:19:16.106 [main            ] INFO  Version                - Redisson 3.26.0
24-09-17.20:19:16.387 [redisson-netty-1-5] INFO  ConnectionsHolder      - 1 connections initialized for localhost/127.0.0.1:6379
24-09-17.20:19:16.401 [redisson-netty-1-14] INFO  ConnectionsHolder      - 5 connections initialized for localhost/127.0.0.1:6379
24-09-17.20:19:16.976 [main            ] INFO  EndpointLinksResolver  - Exposing 1 endpoint(s) beneath base path '/actuator'
24-09-17.20:19:16.992 [main            ] INFO  Http11NioProtocol      - Starting ProtocolHandler ["http-nio-8089"]
24-09-17.20:19:17.002 [main            ] INFO  TomcatWebServer        - Tomcat started on port(s): 8089 (http) with context path ''
24-09-17.20:19:17.013 [main            ] INFO  Application            - Started Application in 2.547 seconds (JVM running for 3.116)
24-09-17.20:19:17.166 [RMI TCP Connection(1)-172.29.8.194] INFO  [/]                    - Initializing Spring DispatcherServlet 'dispatcherServlet'
24-09-17.20:19:17.166 [RMI TCP Connection(1)-172.29.8.194] INFO  DispatcherServlet      - Initializing Servlet 'dispatcherServlet'
24-09-17.20:19:17.167 [RMI TCP Connection(1)-172.29.8.194] INFO  DispatcherServlet      - Completed initialization in 1 ms
24-09-17.20:30:30.794 [http-nio-8089-exec-10] INFO  DynamicThreadPoolController - 修改线程池配置开始 creative-ai-hub-data threadPoolExecutor {"activeCount":0,"appName":"creative-ai-hub-data","corePoolSize":50,"maximumPoolSize":50,"poolSize":0,"queueSize":0,"remainingCapacity":0,"threadPoolName":"threadPoolExecutor"}
24-09-17.20:30:30.809 [http-nio-8089-exec-10] INFO  DynamicThreadPoolController - 修改线程池配置完成 creative-ai-hub-data threadPoolExecutor
24-09-17.20:42:11.037 [http-nio-8089-exec-4] INFO  DynamicThreadPoolController - 修改线程池配置开始 creative-ai-hub-data threadPoolExecutor {"activeCount":0,"appName":"creative-ai-hub-data","corePoolSize":10,"maximumPoolSize":20,"poolSize":0,"queueSize":0,"remainingCapacity":0,"threadPoolName":"threadPoolExecutor"}
24-09-17.20:42:11.045 [http-nio-8089-exec-4] INFO  DynamicThreadPoolController - 修改线程池配置完成 creative-ai-hub-data threadPoolExecutor
24-09-17.20:45:39.237 [http-nio-8089-exec-9] INFO  DynamicThreadPoolController - 修改线程池配置开始 creative-ai-hub-data threadPoolExecutor {"activeCount":0,"appName":"creative-ai-hub-data","corePoolSize":1,"maximumPoolSize":20,"poolSize":0,"queueSize":0,"remainingCapacity":0,"threadPoolName":"threadPoolExecutor"}
24-09-17.20:45:39.239 [http-nio-8089-exec-9] INFO  DynamicThreadPoolController - 修改线程池配置完成 creative-ai-hub-data threadPoolExecutor
24-09-17.20:46:42.343 [http-nio-8089-exec-9] INFO  DynamicThreadPoolController - 修改线程池配置开始 creative-ai-hub-data threadPoolExecutor {"activeCount":0,"appName":"creative-ai-hub-data","corePoolSize":20,"maximumPoolSize":30,"poolSize":0,"queueSize":0,"remainingCapacity":0,"threadPoolName":"threadPoolExecutor"}
24-09-17.20:46:42.344 [http-nio-8089-exec-9] INFO  DynamicThreadPoolController - 修改线程池配置完成 creative-ai-hub-data threadPoolExecutor
