24-09-19.10:33:02.144 [main            ] INFO  Application            - Starting Application using Java 17.0.5 on LAPTOP-EN7AFHC7 with PID 29108 (E:\java_works\dynamic-thread-pool\dynamic-thread-pool-admin\target\classes started by HarryKL in E:\java_works\dynamic-thread-pool)
24-09-19.10:33:02.146 [main            ] INFO  Application            - The following 1 profile is active: "dev"
24-09-19.10:33:02.764 [main            ] INFO  RepositoryConfigurationDelegate - Multiple Spring Data modules found, entering strict repository configuration mode
24-09-19.10:33:02.767 [main            ] INFO  RepositoryConfigurationDelegate - Bootstrapping Spring Data Redis repositories in DEFAULT mode.
24-09-19.10:33:02.788 [main            ] INFO  RepositoryConfigurationDelegate - Finished Spring Data repository scanning in 6 ms. Found 0 Redis repository interfaces.
24-09-19.10:33:03.785 [main            ] INFO  TomcatWebServer        - Tomcat initialized with port(s): 8089 (http)
24-09-19.10:33:03.786 [main            ] INFO  AprLifecycleListener   - Loaded Apache Tomcat Native library [1.2.39] using APR version [1.7.4].
24-09-19.10:33:03.786 [main            ] INFO  AprLifecycleListener   - APR capabilities: IPv6 [true], sendfile [true], accept filters [false], random [true], UDS [true].
24-09-19.10:33:03.786 [main            ] INFO  AprLifecycleListener   - APR/OpenSSL configuration: useAprConnector [false], useOpenSSL [true]
24-09-19.10:33:03.803 [main            ] INFO  AprLifecycleListener   - OpenSSL successfully initialized [OpenSSL 3.0.11 19 Sep 2023]
24-09-19.10:33:03.811 [main            ] INFO  Http11NioProtocol      - Initializing ProtocolHandler ["http-nio-8089"]
24-09-19.10:33:03.812 [main            ] INFO  StandardService        - Starting service [Tomcat]
24-09-19.10:33:03.812 [main            ] INFO  StandardEngine         - Starting Servlet engine: [Apache Tomcat/9.0.75]
24-09-19.10:33:03.916 [main            ] INFO  [/]                    - Initializing Spring embedded WebApplicationContext
24-09-19.10:33:03.917 [main            ] INFO  ServletWebServerApplicationContext - Root WebApplicationContext: initialization completed in 1732 ms
24-09-19.10:33:04.236 [main            ] INFO  Version                - Redisson 3.26.0
24-09-19.10:33:05.572 [redisson-netty-1-11] INFO  ConnectionsHolder      - 1 connections initialized for localhost/127.0.0.1:6379
24-09-19.10:33:05.590 [redisson-netty-1-19] INFO  ConnectionsHolder      - 5 connections initialized for localhost/127.0.0.1:6379
24-09-19.10:33:06.254 [main            ] INFO  EndpointLinksResolver  - Exposing 1 endpoint(s) beneath base path '/actuator'
24-09-19.10:33:06.270 [main            ] INFO  Http11NioProtocol      - Starting ProtocolHandler ["http-nio-8089"]
24-09-19.10:33:06.283 [main            ] INFO  TomcatWebServer        - Tomcat started on port(s): 8089 (http) with context path ''
24-09-19.10:33:06.296 [main            ] INFO  Application            - Started Application in 4.567 seconds (JVM running for 5.484)
24-09-19.10:33:06.587 [RMI TCP Connection(3)-172.29.8.153] INFO  [/]                    - Initializing Spring DispatcherServlet 'dispatcherServlet'
24-09-19.10:33:06.587 [RMI TCP Connection(3)-172.29.8.153] INFO  DispatcherServlet      - Initializing Servlet 'dispatcherServlet'
24-09-19.10:33:06.588 [RMI TCP Connection(3)-172.29.8.153] INFO  DispatcherServlet      - Completed initialization in 1 ms
24-09-19.10:35:00.843 [http-nio-8089-exec-6] INFO  DynamicThreadPoolController - 修改线程池配置开始 creative-ai-hub-data threadPoolExecutor {"activeCount":0,"appName":"creative-ai-hub-data","corePoolSize":20,"maximumPoolSize":50,"poolSize":0,"queueSize":0,"remainingCapacity":0,"threadPoolName":"threadPoolExecutor"}
24-09-19.10:35:00.848 [http-nio-8089-exec-6] INFO  DynamicThreadPoolController - 修改线程池配置完成 creative-ai-hub-data threadPoolExecutor
24-09-19.10:42:33.792 [main            ] INFO  Application            - Starting Application using Java 17.0.5 on LAPTOP-EN7AFHC7 with PID 29056 (E:\java_works\dynamic-thread-pool\dynamic-thread-pool-admin\target\classes started by HarryKL in E:\java_works\dynamic-thread-pool)
24-09-19.10:42:33.794 [main            ] INFO  Application            - The following 1 profile is active: "dev"
24-09-19.10:42:34.314 [main            ] INFO  RepositoryConfigurationDelegate - Multiple Spring Data modules found, entering strict repository configuration mode
24-09-19.10:42:34.316 [main            ] INFO  RepositoryConfigurationDelegate - Bootstrapping Spring Data Redis repositories in DEFAULT mode.
24-09-19.10:42:34.332 [main            ] INFO  RepositoryConfigurationDelegate - Finished Spring Data repository scanning in 5 ms. Found 0 Redis repository interfaces.
24-09-19.10:42:34.645 [main            ] INFO  TomcatWebServer        - Tomcat initialized with port(s): 8089 (http)
24-09-19.10:42:34.646 [main            ] INFO  AprLifecycleListener   - Loaded Apache Tomcat Native library [1.2.39] using APR version [1.7.4].
24-09-19.10:42:34.646 [main            ] INFO  AprLifecycleListener   - APR capabilities: IPv6 [true], sendfile [true], accept filters [false], random [true], UDS [true].
24-09-19.10:42:34.646 [main            ] INFO  AprLifecycleListener   - APR/OpenSSL configuration: useAprConnector [false], useOpenSSL [true]
24-09-19.10:42:34.650 [main            ] INFO  AprLifecycleListener   - OpenSSL successfully initialized [OpenSSL 3.0.11 19 Sep 2023]
24-09-19.10:42:34.656 [main            ] INFO  Http11NioProtocol      - Initializing ProtocolHandler ["http-nio-8089"]
24-09-19.10:42:34.656 [main            ] INFO  StandardService        - Starting service [Tomcat]
24-09-19.10:42:34.657 [main            ] INFO  StandardEngine         - Starting Servlet engine: [Apache Tomcat/9.0.75]
24-09-19.10:42:34.752 [main            ] INFO  [/]                    - Initializing Spring embedded WebApplicationContext
24-09-19.10:42:34.752 [main            ] INFO  ServletWebServerApplicationContext - Root WebApplicationContext: initialization completed in 926 ms
24-09-19.10:42:35.024 [main            ] INFO  Version                - Redisson 3.26.0
24-09-19.10:42:35.302 [redisson-netty-1-5] INFO  ConnectionsHolder      - 1 connections initialized for localhost/127.0.0.1:6379
24-09-19.10:42:35.315 [redisson-netty-1-14] INFO  ConnectionsHolder      - 5 connections initialized for localhost/127.0.0.1:6379
24-09-19.10:42:35.865 [main            ] INFO  EndpointLinksResolver  - Exposing 1 endpoint(s) beneath base path '/actuator'
24-09-19.10:42:35.881 [main            ] INFO  Http11NioProtocol      - Starting ProtocolHandler ["http-nio-8089"]
24-09-19.10:42:35.891 [main            ] INFO  TomcatWebServer        - Tomcat started on port(s): 8089 (http) with context path ''
24-09-19.10:42:35.902 [main            ] INFO  Application            - Started Application in 2.481 seconds (JVM running for 3.012)
24-09-19.10:42:36.066 [RMI TCP Connection(1)-172.29.8.153] INFO  [/]                    - Initializing Spring DispatcherServlet 'dispatcherServlet'
24-09-19.10:42:36.066 [RMI TCP Connection(1)-172.29.8.153] INFO  DispatcherServlet      - Initializing Servlet 'dispatcherServlet'
24-09-19.10:42:36.067 [RMI TCP Connection(1)-172.29.8.153] INFO  DispatcherServlet      - Completed initialization in 1 ms
24-09-19.10:43:04.628 [http-nio-8089-exec-4] INFO  DynamicThreadPoolController - 修改线程池配置开始 creative-ai-hub-data threadPoolExecutor {"activeCount":0,"appName":"creative-ai-hub-data","corePoolSize":20,"maximumPoolSize":50,"poolSize":0,"queueSize":0,"remainingCapacity":0,"threadPoolName":"threadPoolExecutor"}
24-09-19.10:43:04.640 [http-nio-8089-exec-4] INFO  DynamicThreadPoolController - 修改线程池配置完成 creative-ai-hub-data threadPoolExecutor
